<?xml version="1.0" encoding="UTF-8"?>
<testng-results skipped="0" failed="0" ignored="0" total="1" passed="1">
  <reporter-output>
  </reporter-output>
  <suite name="Default suite" duration-ms="37939" started-at="2019-04-05T10:52:06Z" finished-at="2019-04-05T10:52:43Z">
    <groups>
      <group name="cucumber">
        <method signature="AbstractTestNGCucumberTests.feature(cucumber.api.testng.CucumberFeatureWrapper)[pri:0, instance:StepDefinitions.Runner@e45f292]" name="feature" class="cucumber.api.testng.AbstractTestNGCucumberTests"/>
      </group> <!-- cucumber -->
    </groups>
    <test name="Default test" duration-ms="37939" started-at="2019-04-05T10:52:06Z" finished-at="2019-04-05T10:52:43Z">
      <class name="StepDefinitions.Runner">
        <test-method status="PASS" signature="setUpClass()[pri:0, instance:StepDefinitions.Runner@e45f292]" name="setUpClass" is-config="true" duration-ms="468" started-at="2019-04-05T10:52:06Z" finished-at="2019-04-05T10:52:06Z">
          <reporter-output>
          </reporter-output>
        </test-method> <!-- setUpClass -->
        <test-method status="PASS" signature="feature(cucumber.api.testng.CucumberFeatureWrapper)[pri:0, instance:StepDefinitions.Runner@e45f292]" name="feature" duration-ms="37263" started-at="2019-04-05T10:52:06Z" description="Runs Cucumber Feature" data-provider="features" finished-at="2019-04-05T10:52:43Z">
          <params>
            <param index="0">
              <value>
                <![CDATA[Sales Module Scenarios]]>
              </value>
            </param>
          </params>
          <reporter-output>
          </reporter-output>
        </test-method> <!-- feature -->
        <test-method status="PASS" signature="tearDownClass()[pri:0, instance:StepDefinitions.Runner@e45f292]" name="tearDownClass" is-config="true" duration-ms="24" started-at="2019-04-05T10:52:43Z" finished-at="2019-04-05T10:52:43Z">
          <reporter-output>
          </reporter-output>
        </test-method> <!-- tearDownClass -->
      </class> <!-- StepDefinitions.Runner -->
    </test> <!-- Default test -->
  </suite> <!-- Default suite -->
</testng-results>
